2026-07-12 22:33:14,239 - aqt.main - INFO - installer 8563912832 aqtinstall(aqt) v3.3.0 on Python 3.14.5 [CPython Clang 21.0.0 (clang-2100.1.1.101)]
2026-07-12 22:33:14,239 - aqt.helper - DEBUG - helper 8563912832 Attempt to download checksum at https://download.qt.io/online/qtsdkrepository/mac_x64/desktop/qt6_663/Updates.xml.sha256
2026-07-12 22:33:15,862 - aqt.helper - DEBUG - helper 8563912832 Attempt to download checksum at https://download.qt.io/online/qtsdkrepository/mac_x64/desktop/qt6_663/qt.qt6.663.clang_64/6.6.3-0-202403191839qtbase-MacOS-MacOS_13-Clang-MacOS-MacOS_13-X86_64-ARM64.7z.sha256
2026-07-12 22:33:15,862 - aqt.helper - DEBUG - helper 8563912832 Attempt to download checksum at https://download.qt.io/online/qtsdkrepository/mac_x64/desktop/qt6_663/qt.qt6.663.addons.qtwebsockets.clang_64/6.6.3-0-202403191839qtwebsockets-MacOS-MacOS_13-Clang-MacOS-MacOS_13-X86_64-ARM64.7z.sha256
2026-07-12 22:33:15,865 - aqt.helper - DEBUG - helper 8563912832 Attempt to download checksum at https://download.qt.io/online/qtsdkrepository/mac_x64/desktop/qt6_663/qt.qt6.663.clang_64/6.6.3-0-202403191839qtdeclarative-MacOS-MacOS_13-Clang-MacOS-MacOS_13-X86_64-ARM64.7z.sha256
2026-07-12 22:33:15,865 - aqt.helper - DEBUG - helper 8563912832 Attempt to download checksum at https://download.qt.io/online/qtsdkrepository/mac_x64/desktop/qt6_663/qt.qt6.663.clang_64/6.6.3-0-202403191839qtsvg-MacOS-MacOS_13-Clang-MacOS-MacOS_13-X86_64-ARM64.7z.sha256
2026-07-12 22:33:16,515 - aqt.helper - INFO - helper 8563912832 Downloading qtsvg...
2026-07-12 22:33:16,519 - aqt.helper - INFO - helper 8563912832 Downloading qtbase...
2026-07-12 22:33:16,516 - aqt.installer - DEBUG - installer 8563912832 Download URL: https://download.qt.io/online/qtsdkrepository/mac_x64/desktop/qt6_663/qt.qt6.663.clang_64/6.6.3-0-202403191839qtsvg-MacOS-MacOS_13-Clang-MacOS-MacOS_13-X86_64-ARM64.7z
2026-07-12 22:33:16,519 - aqt.installer - DEBUG - installer 8563912832 Download URL: https://download.qt.io/online/qtsdkrepository/mac_x64/desktop/qt6_663/qt.qt6.663.clang_64/6.6.3-0-202403191839qtbase-MacOS-MacOS_13-Clang-MacOS-MacOS_13-X86_64-ARM64.7z
2026-07-12 22:33:16,549 - aqt.helper - INFO - helper 8563912832 Downloading qtdeclarative...
2026-07-12 22:33:16,549 - aqt.installer - DEBUG - installer 8563912832 Download URL: https://download.qt.io/online/qtsdkrepository/mac_x64/desktop/qt6_663/qt.qt6.663.clang_64/6.6.3-0-202403191839qtdeclarative-MacOS-MacOS_13-Clang-MacOS-MacOS_13-X86_64-ARM64.7z
2026-07-12 22:33:16,613 - aqt.helper - INFO - helper 8563912832 Downloading qtwebsockets...
2026-07-12 22:33:16,614 - aqt.installer - DEBUG - installer 8563912832 Download URL: https://download.qt.io/online/qtsdkrepository/mac_x64/desktop/qt6_663/qt.qt6.663.addons.qtwebsockets.clang_64/6.6.3-0-202403191839qtwebsockets-MacOS-MacOS_13-Clang-MacOS-MacOS_13-X86_64-ARM64.7z
2026-07-12 22:33:17,159 - aqt.helper - DEBUG - helper 8563912832 Asked to redirect(302) to: https://qt.mirror.constant.com/online/qtsdkrepository/mac_x64/desktop/qt6_663/qt.qt6.663.clang_64/6.6.3-0-202403191839qtbase-MacOS-MacOS_13-Clang-MacOS-MacOS_13-X86_64-ARM64.7z
2026-07-12 22:33:17,160 - aqt.helper - INFO - helper 8563912832 Redirected: qt.mirror.constant.com
2026-07-12 22:33:17,184 - aqt.helper - DEBUG - helper 8563912832 Asked to redirect(302) to: https://qt.mirror.constant.com/online/qtsdkrepository/mac_x64/desktop/qt6_663/qt.qt6.663.clang_64/6.6.3-0-202403191839qtsvg-MacOS-MacOS_13-Clang-MacOS-MacOS_13-X86_64-ARM64.7z
2026-07-12 22:33:17,184 - aqt.helper - INFO - helper 8563912832 Redirected: qt.mirror.constant.com
2026-07-12 22:33:17,187 - aqt.helper - DEBUG - helper 8563912832 Asked to redirect(302) to: https://qt.mirror.constant.com/online/qtsdkrepository/mac_x64/desktop/qt6_663/qt.qt6.663.clang_64/6.6.3-0-202403191839qtdeclarative-MacOS-MacOS_13-Clang-MacOS-MacOS_13-X86_64-ARM64.7z
2026-07-12 22:33:17,187 - aqt.helper - INFO - helper 8563912832 Redirected: qt.mirror.constant.com
2026-07-12 22:33:17,278 - aqt.helper - DEBUG - helper 8563912832 Asked to redirect(302) to: https://qt.mirror.constant.com/online/qtsdkrepository/mac_x64/desktop/qt6_663/qt.qt6.663.addons.qtwebsockets.clang_64/6.6.3-0-202403191839qtwebsockets-MacOS-MacOS_13-Clang-MacOS-MacOS_13-X86_64-ARM64.7z
2026-07-12 22:33:17,278 - aqt.helper - INFO - helper 8563912832 Redirected: qt.mirror.constant.com
2026-07-12 22:33:18,197 - aqt.installer - INFO - installer 8563912832 Finished installation of qtwebsockets-MacOS-MacOS_13-Clang-MacOS-MacOS_13-X86_64-ARM64.7z in 2.33646542
2026-07-12 22:33:18,205 - aqt.helper - DEBUG - helper 8563912832 Attempt to download checksum at https://download.qt.io/online/qtsdkrepository/mac_x64/desktop/qt6_663/qt.qt6.663.clang_64/6.6.3-0-202403191839qttools-MacOS-MacOS_13-Clang-MacOS-MacOS_13-X86_64-ARM64.7z.sha256
2026-07-12 22:33:18,270 - aqt.installer - INFO - installer 8563912832 Finished installation of qtsvg-MacOS-MacOS_13-Clang-MacOS-MacOS_13-X86_64-ARM64.7z in 2.40642129
2026-07-12 22:33:18,276 - aqt.helper - DEBUG - helper 8563912832 Attempt to download checksum at https://download.qt.io/online/qtsdkrepository/mac_x64/desktop/qt6_663/qt.qt6.663.clang_64/6.6.3-0-202403191839qttranslations-MacOS-MacOS_13-Clang-MacOS-MacOS_13-X86_64-ARM64.7z.sha256
2026-07-12 22:33:18,870 - aqt.helper - INFO - helper 8563912832 Downloading qttools...
2026-07-12 22:33:18,870 - aqt.installer - DEBUG - installer 8563912832 Download URL: https://download.qt.io/online/qtsdkrepository/mac_x64/desktop/qt6_663/qt.qt6.663.clang_64/6.6.3-0-202403191839qttools-MacOS-MacOS_13-Clang-MacOS-MacOS_13-X86_64-ARM64.7z
2026-07-12 22:33:19,003 - aqt.helper - INFO - helper 8563912832 Downloading qttranslations...
2026-07-12 22:33:19,003 - aqt.installer - DEBUG - installer 8563912832 Download URL: https://download.qt.io/online/qtsdkrepository/mac_x64/desktop/qt6_663/qt.qt6.663.clang_64/6.6.3-0-202403191839qttranslations-MacOS-MacOS_13-Clang-MacOS-MacOS_13-X86_64-ARM64.7z
2026-07-12 22:33:19,511 - aqt.helper - DEBUG - helper 8563912832 Asked to redirect(302) to: https://qt.mirror.constant.com/online/qtsdkrepository/mac_x64/desktop/qt6_663/qt.qt6.663.clang_64/6.6.3-0-202403191839qttools-MacOS-MacOS_13-Clang-MacOS-MacOS_13-X86_64-ARM64.7z
2026-07-12 22:33:19,511 - aqt.helper - INFO - helper 8563912832 Redirected: qt.mirror.constant.com
2026-07-12 22:33:19,653 - aqt.helper - DEBUG - helper 8563912832 Asked to redirect(302) to: https://qt.mirror.constant.com/online/qtsdkrepository/mac_x64/desktop/qt6_663/qt.qt6.663.clang_64/6.6.3-0-202403191839qttranslations-MacOS-MacOS_13-Clang-MacOS-MacOS_13-X86_64-ARM64.7z
2026-07-12 22:33:19,653 - aqt.helper - INFO - helper 8563912832 Redirected: qt.mirror.constant.com
2026-07-12 22:33:20,608 - aqt.installer - INFO - installer 8563912832 Finished installation of qttranslations-MacOS-MacOS_13-Clang-MacOS-MacOS_13-X86_64-ARM64.7z in 2.33299371
2026-07-12 22:33:20,615 - aqt.helper - DEBUG - helper 8563912832 Attempt to download checksum at https://download.qt.io/online/qtsdkrepository/mac_x64/desktop/qt6_663/qt.qt6.663.qt5compat.clang_64/6.6.3-0-202403191839qt5compat-MacOS-MacOS_13-Clang-MacOS-MacOS_13-X86_64-ARM64.7z.sha256
2026-07-12 22:33:21,358 - aqt.helper - INFO - helper 8563912832 Downloading qt5compat...
2026-07-12 22:33:21,358 - aqt.installer - DEBUG - installer 8563912832 Download URL: https://download.qt.io/online/qtsdkrepository/mac_x64/desktop/qt6_663/qt.qt6.663.qt5compat.clang_64/6.6.3-0-202403191839qt5compat-MacOS-MacOS_13-Clang-MacOS-MacOS_13-X86_64-ARM64.7z
2026-07-12 22:33:22,147 - aqt.helper - DEBUG - helper 8563912832 Asked to redirect(302) to: https://qt.mirror.constant.com/online/qtsdkrepository/mac_x64/desktop/qt6_663/qt.qt6.663.qt5compat.clang_64/6.6.3-0-202403191839qt5compat-MacOS-MacOS_13-Clang-MacOS-MacOS_13-X86_64-ARM64.7z
2026-07-12 22:33:22,147 - aqt.helper - INFO - helper 8563912832 Redirected: qt.mirror.constant.com
2026-07-12 22:33:23,299 - aqt.installer - INFO - installer 8563912832 Finished installation of qt5compat-MacOS-MacOS_13-Clang-MacOS-MacOS_13-X86_64-ARM64.7z in 2.68471387
2026-07-12 22:33:23,305 - aqt.helper - DEBUG - helper 8563912832 Attempt to download checksum at https://download.qt.io/online/qtsdkrepository/mac_x64/desktop/qt6_663/qt.qt6.663.qtshadertools.clang_64/6.6.3-0-202403191839qtshadertools-MacOS-MacOS_13-Clang-MacOS-MacOS_13-X86_64-ARM64.7z.sha256
2026-07-12 22:33:23,950 - aqt.helper - INFO - helper 8563912832 Downloading qtshadertools...
2026-07-12 22:33:23,950 - aqt.installer - DEBUG - installer 8563912832 Download URL: https://download.qt.io/online/qtsdkrepository/mac_x64/desktop/qt6_663/qt.qt6.663.qtshadertools.clang_64/6.6.3-0-202403191839qtshadertools-MacOS-MacOS_13-Clang-MacOS-MacOS_13-X86_64-ARM64.7z
2026-07-12 22:33:24,592 - aqt.helper - DEBUG - helper 8563912832 Asked to redirect(302) to: https://qt.mirror.constant.com/online/qtsdkrepository/mac_x64/desktop/qt6_663/qt.qt6.663.qtshadertools.clang_64/6.6.3-0-202403191839qtshadertools-MacOS-MacOS_13-Clang-MacOS-MacOS_13-X86_64-ARM64.7z
2026-07-12 22:33:24,595 - aqt.helper - INFO - helper 8563912832 Redirected: qt.mirror.constant.com
2026-07-12 22:33:26,532 - aqt.installer - INFO - installer 8563912832 Finished installation of qtshadertools-MacOS-MacOS_13-Clang-MacOS-MacOS_13-X86_64-ARM64.7z in 3.22840571
2026-07-12 22:33:29,497 - aqt.installer - INFO - installer 8563912832 Finished installation of qtbase-MacOS-MacOS_13-Clang-MacOS-MacOS_13-X86_64-ARM64.7z in 13.63619029
2026-07-12 22:33:30,169 - aqt.installer - INFO - installer 8563912832 Finished installation of qttools-MacOS-MacOS_13-Clang-MacOS-MacOS_13-X86_64-ARM64.7z in 11.96445896
2026-07-12 22:33:40,506 - aqt.installer - INFO - installer 8563912832 Finished installation of qtdeclarative-MacOS-MacOS_13-Clang-MacOS-MacOS_13-X86_64-ARM64.7z in 24.64171133
2026-07-12 22:33:41,370 - aqt.updater - INFO - updater 8563912832 Patching /Users/me/Projects/dbus-battery-bank/build/toolchain/Qt/6.6.3/macos/bin/qmake
2026-07-12 22:33:41,375 - aqt.updater - INFO - updater 8563912832 Patching /Users/me/Projects/dbus-battery-bank/build/toolchain/Qt/6.6.3/macos/lib/libQt6QmlLS.prl
2026-07-12 22:33:41,375 - aqt.updater - INFO - updater 8563912832 Patching /Users/me/Projects/dbus-battery-bank/build/toolchain/Qt/6.6.3/macos/lib/libQt6FbSupport.prl
2026-07-12 22:33:41,376 - aqt.updater - INFO - updater 8563912832 Patching /Users/me/Projects/dbus-battery-bank/build/toolchain/Qt/6.6.3/macos/lib/libQt6QmlDebug.prl
2026-07-12 22:33:41,376 - aqt.updater - INFO - updater 8563912832 Patching /Users/me/Projects/dbus-battery-bank/build/toolchain/Qt/6.6.3/macos/lib/libQt6QmlTypeRegistrar.prl
2026-07-12 22:33:41,376 - aqt.updater - INFO - updater 8563912832 Patching /Users/me/Projects/dbus-battery-bank/build/toolchain/Qt/6.6.3/macos/lib/libQt6QuickTestUtils.prl
2026-07-12 22:33:41,377 - aqt.updater - INFO - updater 8563912832 Patching /Users/me/Projects/dbus-battery-bank/build/toolchain/Qt/6.6.3/macos/lib/libQt6ExampleIcons.prl
2026-07-12 22:33:41,377 - aqt.updater - INFO - updater 8563912832 Patching /Users/me/Projects/dbus-battery-bank/build/toolchain/Qt/6.6.3/macos/lib/libQt6QuickControlsTestUtils.prl
2026-07-12 22:33:41,377 - aqt.updater - INFO - updater 8563912832 Patching /Users/me/Projects/dbus-battery-bank/build/toolchain/Qt/6.6.3/macos/lib/libQt6DeviceDiscoverySupport.prl
2026-07-12 22:33:41,377 - aqt.updater - INFO - updater 8563912832 Patching /Users/me/Projects/dbus-battery-bank/build/toolchain/Qt/6.6.3/macos/lib/libQt6QmlDom.prl
2026-07-12 22:33:41,377 - aqt.updater - INFO - updater 8563912832 Patching /Users/me/Projects/dbus-battery-bank/build/toolchain/Qt/6.6.3/macos/lib/libQt6PacketProtocol.prl
2026-07-12 22:33:41,377 - aqt.updater - INFO - updater 8563912832 Patching /Users/me/Projects/dbus-battery-bank/build/toolchain/Qt/6.6.3/macos/lib/libQt6QmlToolingSettings.prl
2026-07-12 22:33:41,378 - aqt.main - INFO - installer 8563912832 Finished installation
2026-07-12 22:33:41,378 - aqt.main - INFO - installer 8563912832 Time elapsed: 27.13895904 second
2026-07-12 22:34:07,238 - aqt.main - INFO - installer 8563912832 aqtinstall(aqt) v3.3.0 on Python 3.14.5 [CPython Clang 21.0.0 (clang-2100.1.1.101)]
2026-07-12 22:34:07,239 - aqt.helper - DEBUG - helper 8563912832 Attempt to download checksum at https://download.qt.io/online/qtsdkrepository/mac_x64/desktop/qt6_663/Updates.xml.sha256
2026-07-12 22:34:09,029 - aqt.helper - DEBUG - helper 8563912832 Attempt to download checksum at https://download.qt.io/online/qtsdkrepository/mac_x64/desktop/qt6_663/qt.qt6.663.addons.qtwebsockets.clang_64/6.6.3-0-202403191839qtwebsockets-MacOS-MacOS_13-Clang-MacOS-MacOS_13-X86_64-ARM64.7z.sha256
2026-07-12 22:34:09,031 - aqt.helper - DEBUG - helper 8563912832 Attempt to download checksum at https://download.qt.io/online/qtsdkrepository/mac_x64/desktop/qt6_663/qt.qt6.663.clang_64/6.6.3-0-202403191839qtbase-MacOS-MacOS_13-Clang-MacOS-MacOS_13-X86_64-ARM64.7z.sha256
2026-07-12 22:34:09,032 - aqt.helper - DEBUG - helper 8563912832 Attempt to download checksum at https://download.qt.io/online/qtsdkrepository/mac_x64/desktop/qt6_663/qt.qt6.663.clang_64/6.6.3-0-202403191839qtdeclarative-MacOS-MacOS_13-Clang-MacOS-MacOS_13-X86_64-ARM64.7z.sha256
2026-07-12 22:34:09,032 - aqt.helper - DEBUG - helper 8563912832 Attempt to download checksum at https://download.qt.io/online/qtsdkrepository/mac_x64/desktop/qt6_663/qt.qt6.663.clang_64/6.6.3-0-202403191839qtsvg-MacOS-MacOS_13-Clang-MacOS-MacOS_13-X86_64-ARM64.7z.sha256
2026-07-12 22:34:09,676 - aqt.helper - INFO - helper 8563912832 Downloading qtwebsockets...
2026-07-12 22:34:09,676 - aqt.helper - INFO - helper 8563912832 Downloading qtbase...
2026-07-12 22:34:09,677 - aqt.installer - DEBUG - installer 8563912832 Download URL: https://download.qt.io/online/qtsdkrepository/mac_x64/desktop/qt6_663/qt.qt6.663.addons.qtwebsockets.clang_64/6.6.3-0-202403191839qtwebsockets-MacOS-MacOS_13-Clang-MacOS-MacOS_13-X86_64-ARM64.7z
2026-07-12 22:34:09,677 - aqt.installer - DEBUG - installer 8563912832 Download URL: https://download.qt.io/online/qtsdkrepository/mac_x64/desktop/qt6_663/qt.qt6.663.clang_64/6.6.3-0-202403191839qtbase-MacOS-MacOS_13-Clang-MacOS-MacOS_13-X86_64-ARM64.7z
2026-07-12 22:34:09,697 - aqt.helper - INFO - helper 8563912832 Downloading qtsvg...
2026-07-12 22:34:09,697 - aqt.installer - DEBUG - installer 8563912832 Download URL: https://download.qt.io/online/qtsdkrepository/mac_x64/desktop/qt6_663/qt.qt6.663.clang_64/6.6.3-0-202403191839qtsvg-MacOS-MacOS_13-Clang-MacOS-MacOS_13-X86_64-ARM64.7z
2026-07-12 22:34:09,705 - aqt.helper - INFO - helper 8563912832 Downloading qtdeclarative...
2026-07-12 22:34:09,705 - aqt.installer - DEBUG - installer 8563912832 Download URL: https://download.qt.io/online/qtsdkrepository/mac_x64/desktop/qt6_663/qt.qt6.663.clang_64/6.6.3-0-202403191839qtdeclarative-MacOS-MacOS_13-Clang-MacOS-MacOS_13-X86_64-ARM64.7z
2026-07-12 22:34:10,316 - aqt.helper - DEBUG - helper 8563912832 Asked to redirect(302) to: https://qt.mirror.constant.com/online/qtsdkrepository/mac_x64/desktop/qt6_663/qt.qt6.663.clang_64/6.6.3-0-202403191839qtbase-MacOS-MacOS_13-Clang-MacOS-MacOS_13-X86_64-ARM64.7z
2026-07-12 22:34:10,316 - aqt.helper - INFO - helper 8563912832 Redirected: qt.mirror.constant.com
2026-07-12 22:34:10,365 - aqt.helper - DEBUG - helper 8563912832 Asked to redirect(302) to: https://qt.mirror.constant.com/online/qtsdkrepository/mac_x64/desktop/qt6_663/qt.qt6.663.clang_64/6.6.3-0-202403191839qtdeclarative-MacOS-MacOS_13-Clang-MacOS-MacOS_13-X86_64-ARM64.7z
2026-07-12 22:34:10,366 - aqt.helper - DEBUG - helper 8563912832 Asked to redirect(302) to: https://qt.mirror.constant.com/online/qtsdkrepository/mac_x64/desktop/qt6_663/qt.qt6.663.clang_64/6.6.3-0-202403191839qtsvg-MacOS-MacOS_13-Clang-MacOS-MacOS_13-X86_64-ARM64.7z
2026-07-12 22:34:10,366 - aqt.helper - INFO - helper 8563912832 Redirected: qt.mirror.constant.com
2026-07-12 22:34:10,366 - aqt.helper - INFO - helper 8563912832 Redirected: qt.mirror.constant.com
2026-07-12 22:34:10,385 - aqt.helper - DEBUG - helper 8563912832 Asked to redirect(302) to: https://qt.mirror.constant.com/online/qtsdkrepository/mac_x64/desktop/qt6_663/qt.qt6.663.addons.qtwebsockets.clang_64/6.6.3-0-202403191839qtwebsockets-MacOS-MacOS_13-Clang-MacOS-MacOS_13-X86_64-ARM64.7z
2026-07-12 22:34:10,385 - aqt.helper - INFO - helper 8563912832 Redirected: qt.mirror.constant.com
2026-07-12 22:34:11,215 - aqt.installer - INFO - installer 8563912832 Finished installation of qtwebsockets-MacOS-MacOS_13-Clang-MacOS-MacOS_13-X86_64-ARM64.7z in 2.18620375
2026-07-12 22:34:11,221 - aqt.helper - DEBUG - helper 8563912832 Attempt to download checksum at https://download.qt.io/online/qtsdkrepository/mac_x64/desktop/qt6_663/qt.qt6.663.clang_64/6.6.3-0-202403191839qttools-MacOS-MacOS_13-Clang-MacOS-MacOS_13-X86_64-ARM64.7z.sha256
2026-07-12 22:34:11,535 - aqt.installer - INFO - installer 8563912832 Finished installation of qtsvg-MacOS-MacOS_13-Clang-MacOS-MacOS_13-X86_64-ARM64.7z in 2.50413888
2026-07-12 22:34:11,541 - aqt.helper - DEBUG - helper 8563912832 Attempt to download checksum at https://download.qt.io/online/qtsdkrepository/mac_x64/desktop/qt6_663/qt.qt6.663.clang_64/6.6.3-0-202403191839qttranslations-MacOS-MacOS_13-Clang-MacOS-MacOS_13-X86_64-ARM64.7z.sha256
2026-07-12 22:34:11,888 - aqt.helper - INFO - helper 8563912832 Downloading qttools...
2026-07-12 22:34:11,888 - aqt.installer - DEBUG - installer 8563912832 Download URL: https://download.qt.io/online/qtsdkrepository/mac_x64/desktop/qt6_663/qt.qt6.663.clang_64/6.6.3-0-202403191839qttools-MacOS-MacOS_13-Clang-MacOS-MacOS_13-X86_64-ARM64.7z
2026-07-12 22:34:12,270 - aqt.helper - INFO - helper 8563912832 Downloading qttranslations...
2026-07-12 22:34:12,270 - aqt.installer - DEBUG - installer 8563912832 Download URL: https://download.qt.io/online/qtsdkrepository/mac_x64/desktop/qt6_663/qt.qt6.663.clang_64/6.6.3-0-202403191839qttranslations-MacOS-MacOS_13-Clang-MacOS-MacOS_13-X86_64-ARM64.7z
2026-07-12 22:34:12,529 - aqt.helper - DEBUG - helper 8563912832 Asked to redirect(302) to: https://qt.mirror.constant.com/online/qtsdkrepository/mac_x64/desktop/qt6_663/qt.qt6.663.clang_64/6.6.3-0-202403191839qttools-MacOS-MacOS_13-Clang-MacOS-MacOS_13-X86_64-ARM64.7z
2026-07-12 22:34:12,529 - aqt.helper - INFO - helper 8563912832 Redirected: qt.mirror.constant.com
2026-07-12 22:34:12,924 - aqt.helper - DEBUG - helper 8563912832 Asked to redirect(302) to: https://qt.mirror.constant.com/online/qtsdkrepository/mac_x64/desktop/qt6_663/qt.qt6.663.clang_64/6.6.3-0-202403191839qttranslations-MacOS-MacOS_13-Clang-MacOS-MacOS_13-X86_64-ARM64.7z
2026-07-12 22:34:12,925 - aqt.helper - INFO - helper 8563912832 Redirected: qt.mirror.constant.com
2026-07-12 22:34:13,951 - aqt.installer - INFO - installer 8563912832 Finished installation of qttranslations-MacOS-MacOS_13-Clang-MacOS-MacOS_13-X86_64-ARM64.7z in 2.41081579
2026-07-12 22:34:13,957 - aqt.helper - DEBUG - helper 8563912832 Attempt to download checksum at https://download.qt.io/online/qtsdkrepository/mac_x64/desktop/qt6_663/qt.qt6.663.qt5compat.clang_64/6.6.3-0-202403191839qt5compat-MacOS-MacOS_13-Clang-MacOS-MacOS_13-X86_64-ARM64.7z.sha256
2026-07-12 22:34:14,708 - aqt.helper - INFO - helper 8563912832 Downloading qt5compat...
2026-07-12 22:34:14,708 - aqt.installer - DEBUG - installer 8563912832 Download URL: https://download.qt.io/online/qtsdkrepository/mac_x64/desktop/qt6_663/qt.qt6.663.qt5compat.clang_64/6.6.3-0-202403191839qt5compat-MacOS-MacOS_13-Clang-MacOS-MacOS_13-X86_64-ARM64.7z
2026-07-12 22:34:15,432 - aqt.helper - DEBUG - helper 8563912832 Asked to redirect(302) to: https://qt.mirror.constant.com/online/qtsdkrepository/mac_x64/desktop/qt6_663/qt.qt6.663.qt5compat.clang_64/6.6.3-0-202403191839qt5compat-MacOS-MacOS_13-Clang-MacOS-MacOS_13-X86_64-ARM64.7z
2026-07-12 22:34:15,432 - aqt.helper - INFO - helper 8563912832 Redirected: qt.mirror.constant.com
2026-07-12 22:34:16,750 - aqt.installer - INFO - installer 8563912832 Finished installation of qt5compat-MacOS-MacOS_13-Clang-MacOS-MacOS_13-X86_64-ARM64.7z in 2.79311404
2026-07-12 22:34:16,756 - aqt.helper - DEBUG - helper 8563912832 Attempt to download checksum at https://download.qt.io/online/qtsdkrepository/mac_x64/desktop/qt6_663/qt.qt6.663.qtshadertools.clang_64/6.6.3-0-202403191839qtshadertools-MacOS-MacOS_13-Clang-MacOS-MacOS_13-X86_64-ARM64.7z.sha256
2026-07-12 22:34:17,478 - aqt.helper - INFO - helper 8563912832 Downloading qtshadertools...
2026-07-12 22:34:17,478 - aqt.installer - DEBUG - installer 8563912832 Download URL: https://download.qt.io/online/qtsdkrepository/mac_x64/desktop/qt6_663/qt.qt6.663.qtshadertools.clang_64/6.6.3-0-202403191839qtshadertools-MacOS-MacOS_13-Clang-MacOS-MacOS_13-X86_64-ARM64.7z
2026-07-12 22:34:18,119 - aqt.helper - DEBUG - helper 8563912832 Asked to redirect(302) to: https://qt.mirror.constant.com/online/qtsdkrepository/mac_x64/desktop/qt6_663/qt.qt6.663.qtshadertools.clang_64/6.6.3-0-202403191839qtshadertools-MacOS-MacOS_13-Clang-MacOS-MacOS_13-X86_64-ARM64.7z
2026-07-12 22:34:18,119 - aqt.helper - INFO - helper 8563912832 Redirected: qt.mirror.constant.com
2026-07-12 22:34:20,020 - aqt.installer - INFO - installer 8563912832 Finished installation of qtshadertools-MacOS-MacOS_13-Clang-MacOS-MacOS_13-X86_64-ARM64.7z in 3.26498833
2026-07-12 22:34:23,197 - aqt.installer - INFO - installer 8563912832 Finished installation of qtbase-MacOS-MacOS_13-Clang-MacOS-MacOS_13-X86_64-ARM64.7z in 14.16744179
2026-07-12 22:34:23,596 - aqt.installer - INFO - installer 8563912832 Finished installation of qttools-MacOS-MacOS_13-Clang-MacOS-MacOS_13-X86_64-ARM64.7z in 12.37570287
2026-07-12 22:34:33,703 - aqt.installer - INFO - installer 8563912832 Finished installation of qtdeclarative-MacOS-MacOS_13-Clang-MacOS-MacOS_13-X86_64-ARM64.7z in 24.67241871
2026-07-12 22:34:34,448 - aqt.updater - INFO - updater 8563912832 Patching /Users/me/Projects/dbus-battery-bank/build/toolchain/Qt/6.6.3/macos/bin/qmake
2026-07-12 22:34:34,453 - aqt.updater - INFO - updater 8563912832 Patching /Users/me/Projects/dbus-battery-bank/build/toolchain/Qt/6.6.3/macos/lib/libQt6QmlLS.prl
2026-07-12 22:34:34,453 - aqt.updater - INFO - updater 8563912832 Patching /Users/me/Projects/dbus-battery-bank/build/toolchain/Qt/6.6.3/macos/lib/libQt6FbSupport.prl
2026-07-12 22:34:34,454 - aqt.updater - INFO - updater 8563912832 Patching /Users/me/Projects/dbus-battery-bank/build/toolchain/Qt/6.6.3/macos/lib/libQt6QmlDebug.prl
2026-07-12 22:34:34,454 - aqt.updater - INFO - updater 8563912832 Patching /Users/me/Projects/dbus-battery-bank/build/toolchain/Qt/6.6.3/macos/lib/libQt6QmlTypeRegistrar.prl
2026-07-12 22:34:34,454 - aqt.updater - INFO - updater 8563912832 Patching /Users/me/Projects/dbus-battery-bank/build/toolchain/Qt/6.6.3/macos/lib/libQt6QuickTestUtils.prl
2026-07-12 22:34:34,455 - aqt.updater - INFO - updater 8563912832 Patching /Users/me/Projects/dbus-battery-bank/build/toolchain/Qt/6.6.3/macos/lib/libQt6ExampleIcons.prl
2026-07-12 22:34:34,455 - aqt.updater - INFO - updater 8563912832 Patching /Users/me/Projects/dbus-battery-bank/build/toolchain/Qt/6.6.3/macos/lib/libQt6QuickControlsTestUtils.prl
2026-07-12 22:34:34,455 - aqt.updater - INFO - updater 8563912832 Patching /Users/me/Projects/dbus-battery-bank/build/toolchain/Qt/6.6.3/macos/lib/libQt6DeviceDiscoverySupport.prl
2026-07-12 22:34:34,455 - aqt.updater - INFO - updater 8563912832 Patching /Users/me/Projects/dbus-battery-bank/build/toolchain/Qt/6.6.3/macos/lib/libQt6QmlDom.prl
2026-07-12 22:34:34,455 - aqt.updater - INFO - updater 8563912832 Patching /Users/me/Projects/dbus-battery-bank/build/toolchain/Qt/6.6.3/macos/lib/libQt6PacketProtocol.prl
2026-07-12 22:34:34,455 - aqt.updater - INFO - updater 8563912832 Patching /Users/me/Projects/dbus-battery-bank/build/toolchain/Qt/6.6.3/macos/lib/libQt6QmlToolingSettings.prl
2026-07-12 22:34:34,456 - aqt.main - INFO - installer 8563912832 Finished installation
2026-07-12 22:34:34,456 - aqt.main - INFO - installer 8563912832 Time elapsed: 27.21737771 second
2026-07-12 22:34:34,681 - aqt.main - INFO - installer 8563912832 aqtinstall(aqt) v3.3.0 on Python 3.14.5 [CPython Clang 21.0.0 (clang-2100.1.1.101)]
2026-07-12 22:34:34,681 - aqt.main - INFO - installer 8563912832 Found installed mac-desktop Qt at /Users/me/Projects/dbus-battery-bank/build/toolchain/Qt/6.6.3/macos
2026-07-12 22:34:34,681 - aqt.helper - DEBUG - helper 8563912832 Attempt to download checksum at https://download.qt.io/online/qtsdkrepository/mac_x64/desktop/qt6_663_wasm_singlethread/Updates.xml.sha256
2026-07-12 22:34:36,281 - aqt.helper - DEBUG - helper 8563912832 Attempt to download checksum at https://download.qt.io/online/qtsdkrepository/mac_x64/desktop/qt6_663_wasm_singlethread/qt.qt6.663.addons.qtwebsockets.wasm_singlethread/6.6.3-0-202403191839qtwebsockets-Windows-Windows_10_22H2-Clang-Windows-WebAssembly-X86_64.7z.sha256
2026-07-12 22:34:36,281 - aqt.helper - DEBUG - helper 8563912832 Attempt to download checksum at https://download.qt.io/online/qtsdkrepository/mac_x64/desktop/qt6_663_wasm_singlethread/qt.qt6.663.qt5compat.wasm_singlethread/6.6.3-0-202403191839qt5compat-Windows-Windows_10_22H2-Clang-Windows-WebAssembly-X86_64.7z.sha256
2026-07-12 22:34:36,281 - aqt.helper - DEBUG - helper 8563912832 Attempt to download checksum at https://download.qt.io/online/qtsdkrepository/mac_x64/desktop/qt6_663_wasm_singlethread/qt.qt6.663.wasm_singlethread/6.6.3-0-202403191839qtbase-Windows-Windows_10_22H2-Clang-Windows-WebAssembly-X86_64.7z.sha256
2026-07-12 22:34:36,281 - aqt.helper - DEBUG - helper 8563912832 Attempt to download checksum at https://download.qt.io/online/qtsdkrepository/mac_x64/desktop/qt6_663_wasm_singlethread/qt.qt6.663.qtshadertools.wasm_singlethread/6.6.3-0-202403191839qtshadertools-Windows-Windows_10_22H2-Clang-Windows-WebAssembly-X86_64.7z.sha256
2026-07-12 22:34:36,928 - aqt.helper - INFO - helper 8563912832 Downloading qtbase...
2026-07-12 22:34:36,928 - aqt.installer - DEBUG - installer 8563912832 Download URL: https://download.qt.io/online/qtsdkrepository/mac_x64/desktop/qt6_663_wasm_singlethread/qt.qt6.663.wasm_singlethread/6.6.3-0-202403191839qtbase-Windows-Windows_10_22H2-Clang-Windows-WebAssembly-X86_64.7z
2026-07-12 22:34:36,930 - aqt.helper - INFO - helper 8563912832 Downloading qt5compat...
2026-07-12 22:34:36,931 - aqt.installer - DEBUG - installer 8563912832 Download URL: https://download.qt.io/online/qtsdkrepository/mac_x64/desktop/qt6_663_wasm_singlethread/qt.qt6.663.qt5compat.wasm_singlethread/6.6.3-0-202403191839qt5compat-Windows-Windows_10_22H2-Clang-Windows-WebAssembly-X86_64.7z
2026-07-12 22:34:36,989 - aqt.helper - INFO - helper 8563912832 Downloading qtshadertools...
2026-07-12 22:34:36,989 - aqt.installer - DEBUG - installer 8563912832 Download URL: https://download.qt.io/online/qtsdkrepository/mac_x64/desktop/qt6_663_wasm_singlethread/qt.qt6.663.qtshadertools.wasm_singlethread/6.6.3-0-202403191839qtshadertools-Windows-Windows_10_22H2-Clang-Windows-WebAssembly-X86_64.7z
2026-07-12 22:34:36,996 - aqt.helper - INFO - helper 8563912832 Downloading qtwebsockets...
2026-07-12 22:34:36,996 - aqt.installer - DEBUG - installer 8563912832 Download URL: https://download.qt.io/online/qtsdkrepository/mac_x64/desktop/qt6_663_wasm_singlethread/qt.qt6.663.addons.qtwebsockets.wasm_singlethread/6.6.3-0-202403191839qtwebsockets-Windows-Windows_10_22H2-Clang-Windows-WebAssembly-X86_64.7z
2026-07-12 22:34:37,636 - aqt.helper - DEBUG - helper 8563912832 Asked to redirect(302) to: https://qt.mirror.constant.com/online/qtsdkrepository/mac_x64/desktop/qt6_663_wasm_singlethread/qt.qt6.663.qtshadertools.wasm_singlethread/6.6.3-0-202403191839qtshadertools-Windows-Windows_10_22H2-Clang-Windows-WebAssembly-X86_64.7z
2026-07-12 22:34:37,636 - aqt.helper - INFO - helper 8563912832 Redirected: qt.mirror.constant.com
2026-07-12 22:34:37,649 - aqt.helper - DEBUG - helper 8563912832 Asked to redirect(302) to: https://qt.mirror.constant.com/online/qtsdkrepository/mac_x64/desktop/qt6_663_wasm_singlethread/qt.qt6.663.qt5compat.wasm_singlethread/6.6.3-0-202403191839qt5compat-Windows-Windows_10_22H2-Clang-Windows-WebAssembly-X86_64.7z
2026-07-12 22:34:37,649 - aqt.helper - DEBUG - helper 8563912832 Asked to redirect(302) to: https://qt.mirror.constant.com/online/qtsdkrepository/mac_x64/desktop/qt6_663_wasm_singlethread/qt.qt6.663.wasm_singlethread/6.6.3-0-202403191839qtbase-Windows-Windows_10_22H2-Clang-Windows-WebAssembly-X86_64.7z
2026-07-12 22:34:37,649 - aqt.helper - INFO - helper 8563912832 Redirected: qt.mirror.constant.com
2026-07-12 22:34:37,649 - aqt.helper - INFO - helper 8563912832 Redirected: qt.mirror.constant.com
2026-07-12 22:34:37,693 - aqt.helper - DEBUG - helper 8563912832 Asked to redirect(302) to: https://qt.mirror.constant.com/online/qtsdkrepository/mac_x64/desktop/qt6_663_wasm_singlethread/qt.qt6.663.addons.qtwebsockets.wasm_singlethread/6.6.3-0-202403191839qtwebsockets-Windows-Windows_10_22H2-Clang-Windows-WebAssembly-X86_64.7z
2026-07-12 22:34:37,693 - aqt.helper - INFO - helper 8563912832 Redirected: qt.mirror.constant.com
2026-07-12 22:34:38,168 - aqt.installer - INFO - installer 8563912832 Finished installation of qtwebsockets-Windows-Windows_10_22H2-Clang-Windows-WebAssembly-X86_64.7z in 1.88816117
2026-07-12 22:34:38,175 - aqt.helper - DEBUG - helper 8563912832 Attempt to download checksum at https://download.qt.io/online/qtsdkrepository/mac_x64/desktop/qt6_663_wasm_singlethread/qt.qt6.663.wasm_singlethread/6.6.3-0-202403191839qtdeclarative-Windows-Windows_10_22H2-Clang-Windows-WebAssembly-X86_64.7z.sha256
2026-07-12 22:34:38,341 - aqt.installer - INFO - installer 8563912832 Finished installation of qt5compat-Windows-Windows_10_22H2-Clang-Windows-WebAssembly-X86_64.7z in 2.06093992
2026-07-12 22:34:38,347 - aqt.helper - DEBUG - helper 8563912832 Attempt to download checksum at https://download.qt.io/online/qtsdkrepository/mac_x64/desktop/qt6_663_wasm_singlethread/qt.qt6.663.wasm_singlethread/6.6.3-0-202403191839qtsvg-Windows-Windows_10_22H2-Clang-Windows-WebAssembly-X86_64.7z.sha256
2026-07-12 22:34:38,376 - aqt.installer - INFO - installer 8563912832 Finished installation of qtshadertools-Windows-Windows_10_22H2-Clang-Windows-WebAssembly-X86_64.7z in 2.09588171
2026-07-12 22:34:38,382 - aqt.helper - DEBUG - helper 8563912832 Attempt to download checksum at https://download.qt.io/online/qtsdkrepository/mac_x64/desktop/qt6_663_wasm_singlethread/qt.qt6.663.wasm_singlethread/6.6.3-0-202403191839qttools-Windows-Windows_10_22H2-Clang-Windows-WebAssembly-X86_64.7z.sha256
2026-07-12 22:34:38,818 - aqt.helper - INFO - helper 8563912832 Downloading qtdeclarative...
2026-07-12 22:34:38,818 - aqt.installer - DEBUG - installer 8563912832 Download URL: https://download.qt.io/online/qtsdkrepository/mac_x64/desktop/qt6_663_wasm_singlethread/qt.qt6.663.wasm_singlethread/6.6.3-0-202403191839qtdeclarative-Windows-Windows_10_22H2-Clang-Windows-WebAssembly-X86_64.7z
2026-07-12 22:34:39,065 - aqt.helper - INFO - helper 8563912832 Downloading qtsvg...
2026-07-12 22:34:39,066 - aqt.installer - DEBUG - installer 8563912832 Download URL: https://download.qt.io/online/qtsdkrepository/mac_x64/desktop/qt6_663_wasm_singlethread/qt.qt6.663.wasm_singlethread/6.6.3-0-202403191839qtsvg-Windows-Windows_10_22H2-Clang-Windows-WebAssembly-X86_64.7z
2026-07-12 22:34:39,096 - aqt.helper - INFO - helper 8563912832 Downloading qttools...
2026-07-12 22:34:39,097 - aqt.installer - DEBUG - installer 8563912832 Download URL: https://download.qt.io/online/qtsdkrepository/mac_x64/desktop/qt6_663_wasm_singlethread/qt.qt6.663.wasm_singlethread/6.6.3-0-202403191839qttools-Windows-Windows_10_22H2-Clang-Windows-WebAssembly-X86_64.7z
2026-07-12 22:34:39,450 - aqt.helper - DEBUG - helper 8563912832 Asked to redirect(302) to: https://qt.mirror.constant.com/online/qtsdkrepository/mac_x64/desktop/qt6_663_wasm_singlethread/qt.qt6.663.wasm_singlethread/6.6.3-0-202403191839qtdeclarative-Windows-Windows_10_22H2-Clang-Windows-WebAssembly-X86_64.7z
2026-07-12 22:34:39,450 - aqt.helper - INFO - helper 8563912832 Redirected: qt.mirror.constant.com
2026-07-12 22:34:39,681 - aqt.installer - INFO - installer 8563912832 Finished installation of qtbase-Windows-Windows_10_22H2-Clang-Windows-WebAssembly-X86_64.7z in 3.40114300
2026-07-12 22:34:39,688 - aqt.helper - DEBUG - helper 8563912832 Attempt to download checksum at https://download.qt.io/online/qtsdkrepository/mac_x64/desktop/qt6_663_wasm_singlethread/qt.qt6.663.wasm_singlethread/6.6.3-0-202403191839qttranslations-Windows-Windows_10_22H2-Clang-Windows-WebAssembly-X86_64.7z.sha256
2026-07-12 22:34:39,763 - aqt.helper - DEBUG - helper 8563912832 Asked to redirect(302) to: https://qt.mirror.constant.com/online/qtsdkrepository/mac_x64/desktop/qt6_663_wasm_singlethread/qt.qt6.663.wasm_singlethread/6.6.3-0-202403191839qttools-Windows-Windows_10_22H2-Clang-Windows-WebAssembly-X86_64.7z
2026-07-12 22:34:39,763 - aqt.helper - INFO - helper 8563912832 Redirected: qt.mirror.constant.com
2026-07-12 22:34:39,780 - aqt.helper - DEBUG - helper 8563912832 Asked to redirect(302) to: https://qt.mirror.constant.com/online/qtsdkrepository/mac_x64/desktop/qt6_663_wasm_singlethread/qt.qt6.663.wasm_singlethread/6.6.3-0-202403191839qtsvg-Windows-Windows_10_22H2-Clang-Windows-WebAssembly-X86_64.7z
2026-07-12 22:34:39,781 - aqt.helper - INFO - helper 8563912832 Redirected: qt.mirror.constant.com
2026-07-12 22:34:40,330 - aqt.helper - INFO - helper 8563912832 Downloading qttranslations...
2026-07-12 22:34:40,330 - aqt.installer - DEBUG - installer 8563912832 Download URL: https://download.qt.io/online/qtsdkrepository/mac_x64/desktop/qt6_663_wasm_singlethread/qt.qt6.663.wasm_singlethread/6.6.3-0-202403191839qttranslations-Windows-Windows_10_22H2-Clang-Windows-WebAssembly-X86_64.7z
2026-07-12 22:34:40,342 - aqt.installer - INFO - installer 8563912832 Finished installation of qtsvg-Windows-Windows_10_22H2-Clang-Windows-WebAssembly-X86_64.7z in 1.99558942
2026-07-12 22:34:40,425 - aqt.installer - INFO - installer 8563912832 Finished installation of qttools-Windows-Windows_10_22H2-Clang-Windows-WebAssembly-X86_64.7z in 2.04413142
2026-07-12 22:34:40,994 - aqt.helper - DEBUG - helper 8563912832 Asked to redirect(302) to: https://qt.mirror.constant.com/online/qtsdkrepository/mac_x64/desktop/qt6_663_wasm_singlethread/qt.qt6.663.wasm_singlethread/6.6.3-0-202403191839qttranslations-Windows-Windows_10_22H2-Clang-Windows-WebAssembly-X86_64.7z
2026-07-12 22:34:40,994 - aqt.helper - INFO - helper 8563912832 Redirected: qt.mirror.constant.com
2026-07-12 22:34:41,348 - aqt.installer - INFO - installer 8563912832 Finished installation of qtdeclarative-Windows-Windows_10_22H2-Clang-Windows-WebAssembly-X86_64.7z in 3.17413846
2026-07-12 22:34:42,507 - aqt.installer - INFO - installer 8563912832 Finished installation of qttranslations-Windows-Windows_10_22H2-Clang-Windows-WebAssembly-X86_64.7z in 2.82004525
2026-07-12 22:34:42,568 - aqt.updater - INFO - updater 8563912832 Patching /Users/me/Projects/dbus-battery-bank/build/toolchain/Qt/6.6.3/wasm_singlethread/bin/qmake
2026-07-12 22:34:42,568 - aqt.updater - INFO - updater 8563912832 Patching /Users/me/Projects/dbus-battery-bank/build/toolchain/Qt/6.6.3/wasm_singlethread/bin/qtpaths
2026-07-12 22:34:42,568 - aqt.updater - INFO - updater 8563912832 Patching /Users/me/Projects/dbus-battery-bank/build/toolchain/Qt/6.6.3/wasm_singlethread/bin/qmake6
2026-07-12 22:34:42,569 - aqt.updater - INFO - updater 8563912832 Patching /Users/me/Projects/dbus-battery-bank/build/toolchain/Qt/6.6.3/wasm_singlethread/bin/qtpaths6
2026-07-12 22:34:42,569 - aqt.updater - INFO - updater 8563912832 Patching /Users/me/Projects/dbus-battery-bank/build/toolchain/Qt/6.6.3/wasm_singlethread/bin/target_qt.conf
2026-07-12 22:34:42,570 - aqt.main - INFO - installer 8563912832 Finished installation
2026-07-12 22:34:42,570 - aqt.main - INFO - installer 8563912832 Time elapsed: 7.88874617 second
2026-07-12 22:34:42,720 - aqt.main - INFO - installer 8563912832 aqtinstall(aqt) v3.3.0 on Python 3.14.5 [CPython Clang 21.0.0 (clang-2100.1.1.101)]
2026-07-12 22:34:42,720 - aqt.helper - DEBUG - helper 8563912832 Attempt to download checksum at https://download.qt.io/online/qtsdkrepository/mac_x64/desktop/tools_cmake/Updates.xml.sha256
2026-07-12 22:34:43,986 - aqt.helper - DEBUG - helper 8563912832 Attempt to download checksum at https://download.qt.io/online/qtsdkrepository/mac_x64/desktop/tools_cmake/Updates.xml.sha256
2026-07-12 22:34:45,559 - aqt.helper - DEBUG - helper 8563912832 Attempt to download checksum at https://download.qt.io/online/qtsdkrepository/mac_x64/desktop/tools_cmake/qt.tools.cmake/3.30.5-202502251255macos64_x86_cmake_tools.7z.sha256
2026-07-12 22:34:46,277 - aqt.helper - INFO - helper 8563912832 Downloading qt.tools.cmake...
2026-07-12 22:34:46,278 - aqt.installer - DEBUG - installer 8563912832 Download URL: https://download.qt.io/online/qtsdkrepository/mac_x64/desktop/tools_cmake/qt.tools.cmake/3.30.5-202502251255macos64_x86_cmake_tools.7z
2026-07-12 22:34:46,950 - aqt.helper - DEBUG - helper 8563912832 Asked to redirect(302) to: https://qt.mirror.constant.com/online/qtsdkrepository/mac_x64/desktop/tools_cmake/qt.tools.cmake/3.30.5-202502251255macos64_x86_cmake_tools.7z
2026-07-12 22:34:46,950 - aqt.helper - INFO - helper 8563912832 Redirected: qt.mirror.constant.com
2026-07-12 22:34:51,936 - aqt.installer - INFO - installer 8563912832 Finished installation of macos64_x86_cmake_tools.7z in 6.37876808
2026-07-12 22:34:52,004 - aqt.main - INFO - installer 8563912832 Finished installation
2026-07-12 22:34:52,004 - aqt.main - INFO - installer 8563912832 Time elapsed: 9.28422692 second
2026-07-12 22:34:52,172 - aqt.main - INFO - installer 8563912832 aqtinstall(aqt) v3.3.0 on Python 3.14.5 [CPython Clang 21.0.0 (clang-2100.1.1.101)]
2026-07-12 22:34:52,172 - aqt.helper - DEBUG - helper 8563912832 Attempt to download checksum at https://download.qt.io/online/qtsdkrepository/mac_x64/desktop/tools_ninja/Updates.xml.sha256
2026-07-12 22:34:53,518 - aqt.helper - DEBUG - helper 8563912832 Attempt to download checksum at https://download.qt.io/online/qtsdkrepository/mac_x64/desktop/tools_ninja/Updates.xml.sha256
2026-07-12 22:34:55,130 - aqt.helper - DEBUG - helper 8563912832 Attempt to download checksum at https://download.qt.io/online/qtsdkrepository/mac_x64/desktop/tools_ninja/qt.tools.ninja/1.12.1-202502251256macos64_ninja.7z.sha256
2026-07-12 22:34:55,850 - aqt.helper - INFO - helper 8563912832 Downloading qt.tools.ninja...
2026-07-12 22:34:55,850 - aqt.installer - DEBUG - installer 8563912832 Download URL: https://download.qt.io/online/qtsdkrepository/mac_x64/desktop/tools_ninja/qt.tools.ninja/1.12.1-202502251256macos64_ninja.7z
2026-07-12 22:34:56,489 - aqt.helper - DEBUG - helper 8563912832 Asked to redirect(302) to: https://qt.mirror.constant.com/online/qtsdkrepository/mac_x64/desktop/tools_ninja/qt.tools.ninja/1.12.1-202502251256macos64_ninja.7z
2026-07-12 22:34:56,489 - aqt.helper - INFO - helper 8563912832 Redirected: qt.mirror.constant.com
2026-07-12 22:34:57,182 - aqt.installer - INFO - installer 8563912832 Finished installation of macos64_ninja.7z in 2.05275529
2026-07-12 22:34:57,235 - aqt.main - INFO - installer 8563912832 Finished installation
2026-07-12 22:34:57,235 - aqt.main - INFO - installer 8563912832 Time elapsed: 5.06344242 second
